0 info it worked if it ends with ok
1 verbose cli [ 'C:\\Program Files\\nodejs\\node.exe',
1 verbose cli   'C:\\Program Files\\nodejs\\node_modules\\npm\\bin\\npm-cli.js',
1 verbose cli   'run',
1 verbose cli   'serve' ]
2 info using npm@3.10.8
3 info using node@v6.8.1
4 verbose run-script [ 'preserve', 'serve', 'postserve' ]
5 info lifecycle vue-project@0.1.0~preserve: vue-project@0.1.0
6 silly lifecycle vue-project@0.1.0~preserve: no script for preserve, continuing
7 info lifecycle vue-project@0.1.0~serve: vue-project@0.1.0
8 verbose lifecycle vue-project@0.1.0~serve: unsafe-perm in lifecycle true
9 verbose lifecycle vue-project@0.1.0~serve: PATH: C:\Users\indx\AppData\Roaming\nvm\v6.8.1\node_modules\npm\bin\node-gyp-bin;C:\node\vue-timeline\node_modules\.bin;C:\Program Files\Git\mingw64\bin;C:\Program Files\Git\usr\bin;C:\Users\indx\bin;C:\Program Files (x86)\Google\Chrome\Application;C:\oraclexe\app\oracle\product\11.2.0\server\bin;C:\Program Files (x86)\Common Files\Oracle\Java\javapath;C:\Program Files (x86)\Intel\iCLS Client;C:\Program Files\Docker\Docker\Resources\bin;C:\Program Files\Intel\iCLS Client;C:\WINDOWS\system32;C:\WINDOWS;C:\WINDOWS\System32\Wbem;C:\WINDOWS\System32\WindowsPowerShell\v1.0;C:\Program Files\Git\cmd;C:\Program Files (x86)\Windows Kits\8.1\Windows Performance Toolkit;C:\Program Files (x86)\Yarn\bin;C:\Program Files (x86)\Intel\Intel(R) Management Engine Components\DAL;C:\Program Files\Intel\Intel(R) Management Engine Components\DAL;C:\Program Files (x86)\Intel\Intel(R) Management Engine Components\IPT;C:\Program Files\Intel\Intel(R) Management Engine Components\IPT;C:\Program Files\PuTTY;C:\Program Files (x86)\PuTTY;C:\ProgramData\chocolatey\bin;C:\Users\indx\AppData\Roaming\nvm;C:\Program Files\nodejs;C:\Program Files\Intel\WiFi\bin;C:\Program Files\Common Files\Intel\WirelessCommon;C:\Program Files\Microsoft VS Code\bin;C:\WINDOWS\System32\OpenSSH;C:\Users\indx\AppData\Local\Microsoft\WindowsApps;C:\Program Files\Microsoft VS Code\bin;C:\Users\indx\AppData\Roaming\npm;C:\Program Files\PostgreSQL\9.6\bin;C:\Users\indx\AppData\Local\Yarn\bin;C:\Python27;C:\Python27\Scripts;C:\Users\indx\AppData\Local\Google\Cloud SDK\google-cloud-sdk\bin;C:\Users\indx\AppData\Roaming\nvm;C:\Program Files\nodejs
10 verbose lifecycle vue-project@0.1.0~serve: CWD: C:\node\vue-timeline
11 silly lifecycle vue-project@0.1.0~serve: Args: [ '/d /s /c', 'vue-cli-service serve' ]
12 silly lifecycle vue-project@0.1.0~serve: Returned: code: 1  signal: null
13 info lifecycle vue-project@0.1.0~serve: Failed to exec serve script
14 verbose stack Error: vue-project@0.1.0 serve: `vue-cli-service serve`
14 verbose stack Exit status 1
14 verbose stack     at EventEmitter.<anonymous> (C:\Users\indx\AppData\Roaming\nvm\v6.8.1\node_modules\npm\lib\utils\lifecycle.js:255:16)
14 verbose stack     at emitTwo (events.js:106:13)
14 verbose stack     at EventEmitter.emit (events.js:191:7)
14 verbose stack     at ChildProcess.<anonymous> (C:\Users\indx\AppData\Roaming\nvm\v6.8.1\node_modules\npm\lib\utils\spawn.js:40:14)
14 verbose stack     at emitTwo (events.js:106:13)
14 verbose stack     at ChildProcess.emit (events.js:191:7)
14 verbose stack     at maybeClose (internal/child_process.js:877:16)
14 verbose stack     at Process.ChildProcess._handle.onexit (internal/child_process.js:226:5)
15 verbose pkgid vue-project@0.1.0
16 verbose cwd C:\node\vue-timeline
17 error Windows_NT 10.0.17134
18 error argv "C:\\Program Files\\nodejs\\node.exe" "C:\\Program Files\\nodejs\\node_modules\\npm\\bin\\npm-cli.js" "run" "serve"
19 error node v6.8.1
20 error npm  v3.10.8
21 error code ELIFECYCLE
22 error vue-project@0.1.0 serve: `vue-cli-service serve`
22 error Exit status 1
23 error Failed at the vue-project@0.1.0 serve script 'vue-cli-service serve'.
23 error Make sure you have the latest version of node.js and npm installed.
23 error If you do, this is most likely a problem with the vue-project package,
23 error not with npm itself.
23 error Tell the author that this fails on your system:
23 error     vue-cli-service serve
23 error You can get information on how to open an issue for this project with:
23 error     npm bugs vue-project
23 error Or if that isn't available, you can get their info via:
23 error     npm owner ls vue-project
23 error There is likely additional logging output above.
24 verbose exit [ 1, true ]
